2026-03-28 14:19:26.807 INFO  [main] com.sky.SkyApplication - Starting SkyApplication using Java 21.0.10 on mu with PID 952 (C:\Users\木\Desktop\00\sky-take-out-new-master\sky-server\target\classes started by 木 in C:\Users\木\Desktop\00\sky-take-out-new-master)
2026-03-28 14:19:26.812 INFO  [main] com.sky.SkyApplication - The following 1 profile is active: "dev"
2026-03-28 14:19:28.050 INFO  [main] o.s.d.r.config.RepositoryConfigurationDelegate - Multiple Spring Data modules found, entering strict repository configuration mode
2026-03-28 14:19:28.056 INFO  [main] o.s.d.r.config.RepositoryConfigurationDelegate - Bootstrapping Spring Data Redis repositories in DEFAULT mode.
2026-03-28 14:19:28.111 INFO  [main] o.s.d.r.config.RepositoryConfigurationDelegate - Finished Spring Data repository scanning in 29 ms. Found 0 Redis repository interfaces.
2026-03-28 14:19:29.134 INFO  [main] o.s.boot.web.embedded.tomcat.TomcatWebServer - Tomcat initialized with port(s): 8080 (http)
2026-03-28 14:19:29.158 INFO  [main] org.apache.catalina.core.StandardService - Starting service [Tomcat]
2026-03-28 14:19:29.159 INFO  [main] org.apache.catalina.core.StandardEngine - Starting Servlet engine: [Apache Tomcat/9.0.65]
2026-03-28 14:19:29.356 INFO  [main] o.a.c.core.ContainerBase.[Tomcat].[localhost].[/] - Initializing Spring embedded WebApplicationContext
2026-03-28 14:19:29.357 INFO  [main] o.s.b.w.s.c.ServletWebServerApplicationContext - Root WebApplicationContext: initialization completed in 2481 ms
2026-03-28 14:19:29.509 INFO  [main] c.a.d.s.b.a.DruidDataSourceAutoConfigure - Init DruidDataSource
2026-03-28 14:19:29.854 INFO  [main] com.alibaba.druid.pool.DruidDataSource - {dataSource-1} inited
2026-03-28 14:19:30.201 WARN  [main] c.b.mybatisplus.core.injector.AbstractMethod - [com.sky.mapper.CategoryMapper.update] Has been loaded by XML or SqlProvider or Mybatis's Annotation, so ignoring this injection for [class com.baomidou.mybatisplus.core.injector.methods.Update]
2026-03-28 14:19:30.255 WARN  [main] c.b.mybatisplus.core.injector.AbstractMethod - [com.sky.mapper.EmployeeMapper.update] Has been loaded by XML or SqlProvider or Mybatis's Annotation, so ignoring this injection for [class com.baomidou.mybatisplus.core.injector.methods.Update]
2026-03-28 14:19:30.729 INFO  [main] com.sky.config.WebMvcConfiguration - 开始注册自定义拦截器...
2026-03-28 14:19:30.965 INFO  [main] com.sky.config.OssConfiguration - 开始创建阿里云文件上传工具类AliOssUtil的对象
2026-03-28 14:19:30.993 INFO  [main] com.sky.config.WebMvcConfiguration - 扩展消息转换器
2026-03-28 14:19:31.004 INFO  [main] com.sky.config.WebMvcConfiguration - 开始配置静态资源映射...
2026-03-28 14:19:32.226 INFO  [main] o.s.boot.web.embedded.tomcat.TomcatWebServer - Tomcat started on port(s): 8080 (http) with context path ''
2026-03-28 14:19:32.568 INFO  [main] com.sky.SkyApplication - Started SkyApplication in 6.353 seconds (JVM running for 6.976)
2026-03-28 14:19:32.569 INFO  [main] com.sky.SkyApplication - server started
2026-03-28 14:21:29.559 INFO  [main] com.sky.SkyApplication - Starting SkyApplication using Java 21.0.10 on mu with PID 25692 (C:\Users\木\Desktop\00\sky-take-out-new-master\sky-server\target\classes started by 木 in C:\Users\木\Desktop\00\sky-take-out-new-master)
2026-03-28 14:21:29.564 DEBUG [main] com.sky.SkyApplication - Running with Spring Boot v2.7.3, Spring v5.3.22
2026-03-28 14:21:29.565 INFO  [main] com.sky.SkyApplication - The following 1 profile is active: "dev"
2026-03-28 14:21:30.741 INFO  [main] o.s.d.r.config.RepositoryConfigurationDelegate - Multiple Spring Data modules found, entering strict repository configuration mode
2026-03-28 14:21:30.746 INFO  [main] o.s.d.r.config.RepositoryConfigurationDelegate - Bootstrapping Spring Data Redis repositories in DEFAULT mode.
2026-03-28 14:21:30.796 INFO  [main] o.s.d.r.config.RepositoryConfigurationDelegate - Finished Spring Data repository scanning in 27 ms. Found 0 Redis repository interfaces.
2026-03-28 14:21:31.741 INFO  [main] o.s.boot.web.embedded.tomcat.TomcatWebServer - Tomcat initialized with port(s): 8080 (http)
2026-03-28 14:21:31.754 INFO  [main] org.apache.coyote.http11.Http11NioProtocol - Initializing ProtocolHandler ["http-nio-8080"]
2026-03-28 14:21:31.754 INFO  [main] org.apache.catalina.core.StandardService - Starting service [Tomcat]
2026-03-28 14:21:31.754 INFO  [main] org.apache.catalina.core.StandardEngine - Starting Servlet engine: [Apache Tomcat/9.0.65]
2026-03-28 14:21:31.953 INFO  [main] o.a.c.core.ContainerBase.[Tomcat].[localhost].[/] - Initializing Spring embedded WebApplicationContext
2026-03-28 14:21:31.953 INFO  [main] o.s.b.w.s.c.ServletWebServerApplicationContext - Root WebApplicationContext: initialization completed in 2323 ms
2026-03-28 14:21:32.074 INFO  [main] c.a.d.s.b.a.DruidDataSourceAutoConfigure - Init DruidDataSource
2026-03-28 14:21:32.437 INFO  [main] com.alibaba.druid.pool.DruidDataSource - {dataSource-1} inited
2026-03-28 14:21:32.801 WARN  [main] c.b.mybatisplus.core.injector.AbstractMethod - [com.sky.mapper.CategoryMapper.update] Has been loaded by XML or SqlProvider or Mybatis's Annotation, so ignoring this injection for [class com.baomidou.mybatisplus.core.injector.methods.Update]
2026-03-28 14:21:32.871 WARN  [main] c.b.mybatisplus.core.injector.AbstractMethod - [com.sky.mapper.EmployeeMapper.update] Has been loaded by XML or SqlProvider or Mybatis's Annotation, so ignoring this injection for [class com.baomidou.mybatisplus.core.injector.methods.Update]
2026-03-28 14:21:33.385 INFO  [main] com.sky.config.WebMvcConfiguration - 开始注册自定义拦截器...
2026-03-28 14:21:33.676 INFO  [main] com.sky.config.OssConfiguration - 开始创建阿里云文件上传工具类AliOssUtil的对象
2026-03-28 14:21:33.701 INFO  [main] com.sky.config.WebMvcConfiguration - 扩展消息转换器
2026-03-28 14:21:33.713 INFO  [main] com.sky.config.WebMvcConfiguration - 开始配置静态资源映射...
2026-03-28 14:21:34.763 INFO  [main] org.apache.coyote.http11.Http11NioProtocol - Starting ProtocolHandler ["http-nio-8080"]
2026-03-28 14:21:34.801 INFO  [main] o.s.boot.web.embedded.tomcat.TomcatWebServer - Tomcat started on port(s): 8080 (http) with context path ''
2026-03-28 14:21:35.135 INFO  [main] com.sky.SkyApplication - Started SkyApplication in 6.121 seconds (JVM running for 6.972)
2026-03-28 14:21:35.138 INFO  [main] com.sky.SkyApplication - server started
2026-03-28 14:21:40.324 INFO  [main] com.sky.SkyApplication - Starting SkyApplication using Java 21.0.10 on mu with PID 26732 (C:\Users\木\Desktop\00\sky-take-out-new-master\sky-server\target\classes started by 木 in C:\Users\木\Desktop\00\sky-take-out-new-master)
2026-03-28 14:21:40.328 DEBUG [main] com.sky.SkyApplication - Running with Spring Boot v2.7.3, Spring v5.3.22
2026-03-28 14:21:40.330 INFO  [main] com.sky.SkyApplication - The following 1 profile is active: "dev"
2026-03-28 14:21:41.694 INFO  [main] o.s.d.r.config.RepositoryConfigurationDelegate - Multiple Spring Data modules found, entering strict repository configuration mode
2026-03-28 14:21:41.698 INFO  [main] o.s.d.r.config.RepositoryConfigurationDelegate - Bootstrapping Spring Data Redis repositories in DEFAULT mode.
2026-03-28 14:21:41.765 INFO  [main] o.s.d.r.config.RepositoryConfigurationDelegate - Finished Spring Data repository scanning in 37 ms. Found 0 Redis repository interfaces.
2026-03-28 14:21:42.933 INFO  [main] o.s.boot.web.embedded.tomcat.TomcatWebServer - Tomcat initialized with port(s): 8080 (http)
2026-03-28 14:21:42.951 INFO  [main] org.apache.coyote.http11.Http11NioProtocol - Initializing ProtocolHandler ["http-nio-8080"]
2026-03-28 14:21:42.952 INFO  [main] org.apache.catalina.core.StandardService - Starting service [Tomcat]
2026-03-28 14:21:42.953 INFO  [main] org.apache.catalina.core.StandardEngine - Starting Servlet engine: [Apache Tomcat/9.0.65]
2026-03-28 14:21:43.139 INFO  [main] o.a.c.core.ContainerBase.[Tomcat].[localhost].[/] - Initializing Spring embedded WebApplicationContext
2026-03-28 14:21:43.139 INFO  [main] o.s.b.w.s.c.ServletWebServerApplicationContext - Root WebApplicationContext: initialization completed in 2740 ms
2026-03-28 14:21:43.299 INFO  [main] c.a.d.s.b.a.DruidDataSourceAutoConfigure - Init DruidDataSource
2026-03-28 14:21:43.661 INFO  [main] com.alibaba.druid.pool.DruidDataSource - {dataSource-1} inited
2026-03-28 14:21:44.027 WARN  [main] c.b.mybatisplus.core.injector.AbstractMethod - [com.sky.mapper.CategoryMapper.update] Has been loaded by XML or SqlProvider or Mybatis's Annotation, so ignoring this injection for [class com.baomidou.mybatisplus.core.injector.methods.Update]
2026-03-28 14:21:44.109 WARN  [main] c.b.mybatisplus.core.injector.AbstractMethod - [com.sky.mapper.EmployeeMapper.update] Has been loaded by XML or SqlProvider or Mybatis's Annotation, so ignoring this injection for [class com.baomidou.mybatisplus.core.injector.methods.Update]
2026-03-28 14:21:44.719 INFO  [main] com.sky.config.WebMvcConfiguration - 开始注册自定义拦截器...
2026-03-28 14:21:44.985 INFO  [main] com.sky.config.OssConfiguration - 开始创建阿里云文件上传工具类AliOssUtil的对象
2026-03-28 14:21:45.012 INFO  [main] com.sky.config.WebMvcConfiguration - 扩展消息转换器
2026-03-28 14:21:45.023 INFO  [main] com.sky.config.WebMvcConfiguration - 开始配置静态资源映射...
2026-03-28 14:21:46.273 INFO  [main] org.apache.coyote.http11.Http11NioProtocol - Starting ProtocolHandler ["http-nio-8080"]
2026-03-28 14:21:46.323 INFO  [main] o.s.boot.web.embedded.tomcat.TomcatWebServer - Tomcat started on port(s): 8080 (http) with context path ''
2026-03-28 14:21:46.825 INFO  [main] com.sky.SkyApplication - Started SkyApplication in 7.087 seconds (JVM running for 7.95)
2026-03-28 14:21:46.828 INFO  [main] com.sky.SkyApplication - server started
